# JRE version: OpenJDK Runtime Environment Temurin-21.0.11+10 (21.0.11+10) (build 21.0.11+10-LTS)
# Java VM: OpenJDK 64-Bit Server VM Temurin-21.0.11+10 (21.0.11+10-LTS, mixed mode, sharing, tiered, compressed oops, compressed class ptrs, parallel gc, windows-amd64)
GC Precious Log:
 CardTable entry size: 512
 CPUs: 12 total, 12 available
 Memory: 11995M
 Large Page Support: Disabled
 NUMA Support: Disabled
 Compressed Oops: Enabled (32-bit)
 Alignments: Space 512K, Generation 512K, Heap 2M
 Heap Min Capacity: 100M
 Heap Initial Capacity: 100M
 Heap Max Capacity: 2G
 Pre-touch: Disabled
 Parallel Workers: 10
Heap:
 PSYoungGen      total 3584K, used 3545K [0x00000000d5580000, 0x00000000d5b00000, 0x0000000100000000)
  eden space 2560K, 100% used [0x00000000d5580000,0x00000000d5800000,0x00000000d5800000)
  from space 1024K, 96% used [0x00000000d5a00000,0x00000000d5af6438,0x00000000d5b00000)
  to   space 1536K, 0% used [0x00000000d5800000,0x00000000d5800000,0x00000000d5980000)
 ParOldGen       total 596480K, used 596477K [0x0000000080000000, 0x00000000a4680000, 0x00000000d5580000)
  object space 596480K, 99% used [0x0000000080000000,0x00000000a467f4f0,0x00000000a4680000)
 Metaspace       used 89495K, committed 91328K, reserved 1179648K
  class space    used 9446K, committed 10240K, reserved 1048576K
GC Heap History (20 events):
Event: 158.271 GC heap before
{Heap before GC invocations=644 (full 4):
 PSYoungGen      total 3584K, used 3136K [0x00000000d5580000, 0x00000000d5b80000, 0x0000000100000000)
  eden space 2560K, 100% used [0x00000000d5580000,0x00000000d5800000,0x00000000d5800000)
  from space 1024K, 56% used [0x00000000d5a80000,0x00000000d5b10000,0x00000000d5b80000)
  to   space 1024K, 0% used [0x00000000d5980000,0x00000000d5980000,0x00000000d5a80000)
 ParOldGen       total 588288K, used 588024K [0x0000000080000000, 0x00000000a3e80000, 0x00000000d5580000)
  object space 588288K, 99% used [0x0000000080000000,0x00000000a3e3e1d0,0x00000000a3e80000)
 Metaspace       used 89451K, committed 91328K, reserved 1179648K
  class space    used 9446K, committed 10240K, reserved 1048576K
}
Event: 158.272 GC heap after
{Heap after GC invocations=644 (full 4):
 PSYoungGen      total 3584K, used 628K [0x00000000d5580000, 0x00000000d5b00000, 0x0000000100000000)
  eden space 2560K, 0% used [0x00000000d5580000,0x00000000d5580000,0x00000000d5800000)
  from space 1024K, 61% used [0x00000000d5980000,0x00000000d5a1d200,0x00000000d5a80000)
  to   space 512K, 0% used [0x00000000d5a80000,0x00000000d5a80000,0x00000000d5b00000)
 ParOldGen       total 588800K, used 588357K [0x0000000080000000, 0x00000000a3f00000, 0x00000000d5580000)
  object space 588800K, 99% used [0x0000000080000000,0x00000000a3e916a0,0x00000000a3f00000)
 Metaspace       used 89451K, committed 91328K, reserved 1179648K
  class space    used 9446K, committed 10240K, reserved 1048576K
}
Event: 158.394 GC heap before
{Heap before GC invocations=645 (full 4):
 PSYoungGen      total 3584K, used 3188K [0x00000000d5580000, 0x00000000d5b00000, 0x0000000100000000)
  eden space 2560K, 99% used [0x00000000d5580000,0x00000000d57ffff8,0x00000000d5800000)
  from space 1024K, 61% used [0x00000000d5980000,0x00000000d5a1d200,0x00000000d5a80000)
  to   space 512K, 0% used [0x00000000d5a80000,0x00000000d5a80000,0x00000000d5b00000)
 ParOldGen       total 588800K, used 588357K [0x0000000080000000, 0x00000000a3f00000, 0x00000000d5580000)
  object space 588800K, 99% used [0x0000000080000000,0x00000000a3e916a0,0x00000000a3f00000)
 Metaspace       used 89455K, committed 91328K, reserved 1179648K
  class space    used 9446K, committed 10240K, reserved 1048576K
}
Event: 158.395 GC heap after
{Heap after GC invocations=645 (full 4):
 PSYoungGen      total 3072K, used 512K [0x00000000d5580000, 0x00000000d5b00000, 0x0000000100000000)
  eden space 2560K, 0% used [0x00000000d5580000,0x00000000d5580000,0x00000000d5800000)
  from space 512K, 100% used [0x00000000d5a80000,0x00000000d5b00000,0x00000000d5b00000)
  to   space 1536K, 0% used [0x00000000d5800000,0x00000000d5800000,0x00000000d5980000)
 ParOldGen       total 589312K, used 588882K [0x0000000080000000, 0x00000000a3f80000, 0x00000000d5580000)
  object space 589312K, 99% used [0x0000000080000000,0x00000000a3f148b0,0x00000000a3f80000)
 Metaspace       used 89455K, committed 91328K, reserved 1179648K
  class space    used 9446K, committed 10240K, reserved 1048576K
}
Event: 159.133 GC heap before
{Heap before GC invocations=646 (full 4):
 PSYoungGen      total 3072K, used 3071K [0x00000000d5580000, 0x00000000d5b00000, 0x0000000100000000)
  eden space 2560K, 99% used [0x00000000d5580000,0x00000000d57ffff0,0x00000000d5800000)
  from space 512K, 100% used [0x00000000d5a80000,0x00000000d5b00000,0x00000000d5b00000)
  to   space 1536K, 0% used [0x00000000d5800000,0x00000000d5800000,0x00000000d5980000)
 ParOldGen       total 589312K, used 588882K [0x0000000080000000, 0x00000000a3f80000, 0x00000000d5580000)
  object space 589312K, 99% used [0x0000000080000000,0x00000000a3f148b0,0x00000000a3f80000)
 Metaspace       used 89475K, committed 91328K, reserved 1179648K
  class space    used 9446K, committed 10240K, reserved 1048576K
}
Event: 159.136 GC heap after
{Heap after GC invocations=646 (full 4):
 PSYoungGen      total 4096K, used 320K [0x00000000d5580000, 0x00000000d5b00000, 0x0000000100000000)
  eden space 2560K, 0% used [0x00000000d5580000,0x00000000d5580000,0x00000000d5800000)
  from space 1536K, 20% used [0x00000000d5800000,0x00000000d5850000,0x00000000d5980000)
  to   space 1024K, 0% used [0x00000000d5a00000,0x00000000d5a00000,0x00000000d5b00000)
 ParOldGen       total 589824K, used 589328K [0x0000000080000000, 0x00000000a4000000, 0x00000000d5580000)
  object space 589824K, 99% used [0x0000000080000000,0x00000000a3f84030,0x00000000a4000000)
 Metaspace       used 89475K, committed 91328K, reserved 1179648K
  class space    used 9446K, committed 10240K, reserved 1048576K
}
Event: 159.159 GC heap before
{Heap before GC invocations=647 (full 4):
 PSYoungGen      total 4096K, used 2203K [0x00000000d5580000, 0x00000000d5b00000, 0x0000000100000000)
  eden space 2560K, 73% used [0x00000000d5580000,0x00000000d5756e78,0x00000000d5800000)
  from space 1536K, 20% used [0x00000000d5800000,0x00000000d5850000,0x00000000d5980000)
  to   space 1024K, 0% used [0x00000000d5a00000,0x00000000d5a00000,0x00000000d5b00000)
 ParOldGen       total 589824K, used 589328K [0x0000000080000000, 0x00000000a4000000, 0x00000000d5580000)
  object space 589824K, 99% used [0x0000000080000000,0x00000000a3f84030,0x00000000a4000000)
 Metaspace       used 89481K, committed 91328K, reserved 1179648K
  class space    used 9446K, committed 10240K, reserved 1048576K
}
Event: 159.160 GC heap after
{Heap after GC invocations=647 (full 4):
 PSYoungGen      total 3584K, used 925K [0x00000000d5580000, 0x00000000d5b00000, 0x0000000100000000)
  eden space 2560K, 0% used [0x00000000d5580000,0x00000000d5580000,0x00000000d5800000)
  from space 1024K, 90% used [0x00000000d5a00000,0x00000000d5ae7778,0x00000000d5b00000)
  to   space 1536K, 0% used [0x00000000d5800000,0x00000000d5800000,0x00000000d5980000)
 ParOldGen       total 589824K, used 589480K [0x0000000080000000, 0x00000000a4000000, 0x00000000d5580000)
  object space 589824K, 99% used [0x0000000080000000,0x00000000a3faa030,0x00000000a4000000)
 Metaspace       used 89481K, committed 91328K, reserved 1179648K
  class space    used 9446K, committed 10240K, reserved 1048576K
}
Event: 159.197 GC heap before
{Heap before GC invocations=648 (full 4):
 PSYoungGen      total 3584K, used 3485K [0x00000000d5580000, 0x00000000d5b00000, 0x0000000100000000)
  eden space 2560K, 100% used [0x00000000d5580000,0x00000000d5800000,0x00000000d5800000)
  from space 1024K, 90% used [0x00000000d5a00000,0x00000000d5ae7778,0x00000000d5b00000)
  to   space 1536K, 0% used [0x00000000d5800000,0x00000000d5800000,0x00000000d5980000)
 ParOldGen       total 589824K, used 589480K [0x0000000080000000, 0x00000000a4000000, 0x00000000d5580000)
  object space 589824K, 99% used [0x0000000080000000,0x00000000a3faa030,0x00000000a4000000)
 Metaspace       used 89481K, committed 91328K, reserved 1179648K
  class space    used 9446K, committed 10240K, reserved 1048576K
}
Event: 159.199 GC heap after
{Heap after GC invocations=648 (full 4):
 PSYoungGen      total 4096K, used 1532K [0x00000000d5580000, 0x00000000d5f00000, 0x0000000100000000)
  eden space 2560K, 0% used [0x00000000d5580000,0x00000000d5580000,0x00000000d5800000)
  from space 1536K, 99% used [0x00000000d5800000,0x00000000d597f0a0,0x00000000d5980000)
  to   space 3584K, 0% used [0x00000000d5b80000,0x00000000d5b80000,0x00000000d5f00000)
 ParOldGen       total 591360K, used 590985K [0x0000000080000000, 0x00000000a4180000, 0x00000000d5580000)
  object space 591360K, 99% used [0x0000000080000000,0x00000000a41224b0,0x00000000a4180000)
 Metaspace       used 89481K, committed 91328K, reserved 1179648K
  class space    used 9446K, committed 10240K, reserved 1048576K
}
Event: 159.239 GC heap before
{Heap before GC invocations=649 (full 4):
 PSYoungGen      total 4096K, used 4092K [0x00000000d5580000, 0x00000000d5f00000, 0x0000000100000000)
  eden space 2560K, 100% used [0x00000000d5580000,0x00000000d5800000,0x00000000d5800000)
  from space 1536K, 99% used [0x00000000d5800000,0x00000000d597f0a0,0x00000000d5980000)
  to   space 3584K, 0% used [0x00000000d5b80000,0x00000000d5b80000,0x00000000d5f00000)
 ParOldGen       total 591360K, used 590985K [0x0000000080000000, 0x00000000a4180000, 0x00000000d5580000)
  object space 591360K, 99% used [0x0000000080000000,0x00000000a41224b0,0x00000000a4180000)
 Metaspace       used 89481K, committed 91328K, reserved 1179648K
  class space    used 9446K, committed 10240K, reserved 1048576K
}
Event: 159.240 GC heap after
{Heap after GC invocations=649 (full 4):
 PSYoungGen      total 4096K, used 1523K [0x00000000d5580000, 0x00000000d5d00000, 0x0000000100000000)
  eden space 2560K, 0% used [0x00000000d5580000,0x00000000d5580000,0x00000000d5800000)
  from space 1536K, 99% used [0x00000000d5b80000,0x00000000d5cfcce8,0x00000000d5d00000)
  to   space 2560K, 0% used [0x00000000d5800000,0x00000000d5800000,0x00000000d5a80000)
 ParOldGen       total 592896K, used 592549K [0x0000000080000000, 0x00000000a4300000, 0x00000000d5580000)
  object space 592896K, 99% used [0x0000000080000000,0x00000000a42a97e0,0x00000000a4300000)
 Metaspace       used 89481K, committed 91328K, reserved 1179648K
  class space    used 9446K, committed 10240K, reserved 1048576K
}
Event: 159.257 GC heap before
{Heap before GC invocations=650 (full 4):
 PSYoungGen      total 4096K, used 4083K [0x00000000d5580000, 0x00000000d5d00000, 0x0000000100000000)
  eden space 2560K, 100% used [0x00000000d5580000,0x00000000d5800000,0x00000000d5800000)
  from space 1536K, 99% used [0x00000000d5b80000,0x00000000d5cfcce8,0x00000000d5d00000)
  to   space 2560K, 0% used [0x00000000d5800000,0x00000000d5800000,0x00000000d5a80000)
 ParOldGen       total 592896K, used 592549K [0x0000000080000000, 0x00000000a4300000, 0x00000000d5580000)
  object space 592896K, 99% used [0x0000000080000000,0x00000000a42a97e0,0x00000000a4300000)
 Metaspace       used 89485K, committed 91328K, reserved 1179648K
  class space    used 9446K, committed 10240K, reserved 1048576K
}
Event: 159.259 GC heap after
{Heap after GC invocations=650 (full 4):
 PSYoungGen      total 5120K, used 1254K [0x00000000d5580000, 0x00000000d5c00000, 0x0000000100000000)
  eden space 2560K, 0% used [0x00000000d5580000,0x00000000d5580000,0x00000000d5800000)
  from space 2560K, 49% used [0x00000000d5800000,0x00000000d5939b70,0x00000000d5a80000)
  to   space 1536K, 0% used [0x00000000d5a80000,0x00000000d5a80000,0x00000000d5c00000)
 ParOldGen       total 594432K, used 593969K [0x0000000080000000, 0x00000000a4480000, 0x00000000d5580000)
  object space 594432K, 99% used [0x0000000080000000,0x00000000a440c788,0x00000000a4480000)
 Metaspace       used 89485K, committed 91328K, reserved 1179648K
  class space    used 9446K, committed 10240K, reserved 1048576K
}
Event: 159.267 GC heap before
{Heap before GC invocations=651 (full 4):
 PSYoungGen      total 5120K, used 3814K [0x00000000d5580000, 0x00000000d5c00000, 0x0000000100000000)
  eden space 2560K, 100% used [0x00000000d5580000,0x00000000d5800000,0x00000000d5800000)
  from space 2560K, 49% used [0x00000000d5800000,0x00000000d5939b70,0x00000000d5a80000)
  to   space 1536K, 0% used [0x00000000d5a80000,0x00000000d5a80000,0x00000000d5c00000)
 ParOldGen       total 594432K, used 593969K [0x0000000080000000, 0x00000000a4480000, 0x00000000d5580000)
  object space 594432K, 99% used [0x0000000080000000,0x00000000a440c788,0x00000000a4480000)
 Metaspace       used 89485K, committed 91328K, reserved 1179648K
  class space    used 9446K, committed 10240K, reserved 1048576K
}
Event: 159.269 GC heap after
{Heap after GC invocations=651 (full 4):
 PSYoungGen      total 3072K, used 402K [0x00000000d5580000, 0x00000000d5b00000, 0x0000000100000000)
  eden space 2560K, 0% used [0x00000000d5580000,0x00000000d5580000,0x00000000d5800000)
  from space 512K, 78% used [0x00000000d5a80000,0x00000000d5ae4940,0x00000000d5b00000)
  to   space 1024K, 0% used [0x00000000d5900000,0x00000000d5900000,0x00000000d5a00000)
 ParOldGen       total 595456K, used 595100K [0x0000000080000000, 0x00000000a4580000, 0x00000000d5580000)
  object space 595456K, 99% used [0x0000000080000000,0x00000000a4527038,0x00000000a4580000)
 Metaspace       used 89485K, committed 91328K, reserved 1179648K
  class space    used 9446K, committed 10240K, reserved 1048576K
}
Event: 159.274 GC heap before
{Heap before GC invocations=652 (full 4):
 PSYoungGen      total 3072K, used 2954K [0x00000000d5580000, 0x00000000d5b00000, 0x0000000100000000)
  eden space 2560K, 99% used [0x00000000d5580000,0x00000000d57fdfb0,0x00000000d5800000)
  from space 512K, 78% used [0x00000000d5a80000,0x00000000d5ae4940,0x00000000d5b00000)
  to   space 1024K, 0% used [0x00000000d5900000,0x00000000d5900000,0x00000000d5a00000)
 ParOldGen       total 595456K, used 595100K [0x0000000080000000, 0x00000000a4580000, 0x00000000d5580000)
  object space 595456K, 99% used [0x0000000080000000,0x00000000a4527038,0x00000000a4580000)
 Metaspace       used 89485K, committed 91328K, reserved 1179648K
  class space    used 9446K, committed 10240K, reserved 1048576K
}
Event: 159.275 GC heap after
{Heap after GC invocations=652 (full 4):
 PSYoungGen      total 3584K, used 519K [0x00000000d5580000, 0x00000000d5b00000, 0x0000000100000000)
  eden space 2560K, 0% used [0x00000000d5580000,0x00000000d5580000,0x00000000d5800000)
  from space 1024K, 50% used [0x00000000d5900000,0x00000000d5981c68,0x00000000d5a00000)
  to   space 1024K, 0% used [0x00000000d5a00000,0x00000000d5a00000,0x00000000d5b00000)
 ParOldGen       total 596480K, used 596111K [0x0000000080000000, 0x00000000a4680000, 0x00000000d5580000)
  object space 596480K, 99% used [0x0000000080000000,0x00000000a4623f68,0x00000000a4680000)
 Metaspace       used 89485K, committed 91328K, reserved 1179648K
  class space    used 9446K, committed 10240K, reserved 1048576K
}
Event: 159.299 GC heap before
{Heap before GC invocations=653 (full 4):
 PSYoungGen      total 3584K, used 3079K [0x00000000d5580000, 0x00000000d5b00000, 0x0000000100000000)
  eden space 2560K, 100% used [0x00000000d5580000,0x00000000d5800000,0x00000000d5800000)
  from space 1024K, 50% used [0x00000000d5900000,0x00000000d5981c68,0x00000000d5a00000)
  to   space 1024K, 0% used [0x00000000d5a00000,0x00000000d5a00000,0x00000000d5b00000)
 ParOldGen       total 596480K, used 596111K [0x0000000080000000, 0x00000000a4680000, 0x00000000d5580000)
  object space 596480K, 99% used [0x0000000080000000,0x00000000a4623f68,0x00000000a4680000)
 Metaspace       used 89492K, committed 91328K, reserved 1179648K
  class space    used 9446K, committed 10240K, reserved 1048576K
}
Event: 159.299 GC heap after
{Heap after GC invocations=653 (full 4):
 PSYoungGen      total 3584K, used 985K [0x00000000d5580000, 0x00000000d5b00000, 0x0000000100000000)
  eden space 2560K, 0% used [0x00000000d5580000,0x00000000d5580000,0x00000000d5800000)
  from space 1024K, 96% used [0x00000000d5a00000,0x00000000d5af6438,0x00000000d5b00000)
  to   space 1536K, 0% used [0x00000000d5800000,0x00000000d5800000,0x00000000d5980000)
 ParOldGen       total 596480K, used 596477K [0x0000000080000000, 0x00000000a4680000, 0x00000000d5580000)
  object space 596480K, 99% used [0x0000000080000000,0x00000000a467f4f0,0x00000000a4680000)
 Metaspace       used 89492K, committed 91328K, reserved 1179648K
  class space    used 9446K, committed 10240K, reserved 1048576K
}

